{"name":"phantom-workers","hostname":"MBP-Kacper.localdomain","pid":78897,"level":30,"msg":"Running...","time":"2019-04-08T15:33:48.675Z","v":0}
{"name":"phantom-workers","hostname":"MBP-Kacper.localdomain","pid":78897,"level":30,"msg":"[Worker #1] task: create_and_merge_pr, cron: * * * * *, p: 30%","time":"2019-04-08T15:33:48.676Z","v":0}
{"name":"phantom-workers","hostname":"MBP-Kacper.localdomain","pid":78897,"level":30,"msg":"[Worker #2] task: create_and_merge_pr, cron: 15,45 * * * *, p: 30%","time":"2019-04-08T15:33:48.679Z","v":0}
{"name":"phantom-workers","hostname":"MBP-Kacper.localdomain","pid":78897,"level":30,"msg":"[Worker #1] create_and_merge_pr","time":"2019-04-08T15:34:00.005Z","v":0}
{"name":"phantom-workers","hostname":"MBP-Kacper.localdomain","pid":78897,"level":30,"msg":"[Worker #1] create_and_merge_pr: launched","time":"2019-04-08T15:34:00.226Z","v":0}
{"name":"phantom-workers","hostname":"MBP-Kacper.localdomain","pid":78897,"level":30,"msg":"[Worker #1] create_and_merge_pr: authenticated","time":"2019-04-08T15:34:09.297Z","v":0}
{"name":"phantom-workers","hostname":"MBP-Kacper.localdomain","pid":78897,"level":30,"msg":"[Worker #1] create_and_merge_pr: went to file edit page","time":"2019-04-08T15:34:10.673Z","v":0}
{"name":"phantom-workers","hostname":"MBP-Kacper.localdomain","pid":78897,"level":30,"msg":"[Worker #1] create_and_merge_pr: added content","time":"2019-04-08T15:34:12.684Z","v":0}
{"name":"phantom-workers","hostname":"MBP-Kacper.localdomain","pid":78897,"level":30,"msg":"[Worker #1] create_and_merge_pr: submited file","time":"2019-04-08T15:34:15.707Z","v":0}
{"name":"phantom-workers","hostname":"MBP-Kacper.localdomain","pid":78958,"level":30,"msg":"Running...","time":"2019-04-08T15:34:21.330Z","v":0}
{"name":"phantom-workers","hostname":"MBP-Kacper.localdomain","pid":78958,"level":30,"msg":"[Worker #1] task: create_and_merge_pr, cron: * * * * *, p: 30%","time":"2019-04-08T15:34:21.330Z","v":0}
{"name":"phantom-workers","hostname":"MBP-Kacper.localdomain","pid":78958,"level":30,"msg":"[Worker #2] task: create_and_merge_pr, cron: 15,45 * * * *, p: 30%","time":"2019-04-08T15:34:21.333Z","v":0}
{"name":"phantom-workers","hostname":"MBP-Kacper.localdomain","pid":78958,"level":30,"msg":"[Worker #1] create_and_merge_pr","time":"2019-04-08T15:35:00.003Z","v":0}
{"name":"phantom-workers","hostname":"MBP-Kacper.localdomain","pid":78958,"level":30,"msg":"[Worker #1] omitted","time":"2019-04-08T15:35:00.004Z","v":0}
{"name":"phantom-workers","hostname":"MBP-Kacper.localdomain","pid":79012,"level":30,"msg":"Running...","time":"2019-04-08T15:35:11.607Z","v":0}
{"name":"phantom-workers","hostname":"MBP-Kacper.localdomain","pid":79012,"level":30,"msg":"[Worker #1] task: create_and_merge_pr, cron: * * * * *, p: 100%","time":"2019-04-08T15:35:11.607Z","v":0}
{"name":"phantom-workers","hostname":"MBP-Kacper.localdomain","pid":79012,"level":30,"msg":"[Worker #2] task: create_and_merge_pr, cron: 15,45 * * * *, p: 30%","time":"2019-04-08T15:35:11.610Z","v":0}
{"name":"phantom-workers","hostname":"MBP-Kacper.localdomain","pid":79012,"level":30,"msg":"[Worker #1] create_and_merge_pr","time":"2019-04-08T15:36:00.002Z","v":0}
{"name":"phantom-workers","hostname":"MBP-Kacper.localdomain","pid":79012,"level":30,"msg":"[Worker #1] create_and_merge_pr: launched","time":"2019-04-08T15:36:01.114Z","v":0}
{"name":"phantom-workers","hostname":"MBP-Kacper.localdomain","pid":79012,"level":30,"msg":"[Worker #1] create_and_merge_pr: authenticated","time":"2019-04-08T15:36:09.928Z","v":0}
{"name":"phantom-workers","hostname":"MBP-Kacper.localdomain","pid":79012,"level":30,"msg":"[Worker #1] create_and_merge_pr: went to file edit page","time":"2019-04-08T15:36:11.330Z","v":0}
{"name":"phantom-workers","hostname":"MBP-Kacper.localdomain","pid":79012,"level":30,"msg":"[Worker #1] create_and_merge_pr: added content","time":"2019-04-08T15:36:13.350Z","v":0}
{"name":"phantom-workers","hostname":"MBP-Kacper.localdomain","pid":79012,"level":30,"msg":"[Worker #1] create_and_merge_pr: submited file","time":"2019-04-08T15:36:16.396Z","v":0}
{"name":"phantom-workers","hostname":"MBP-Kacper.localdomain","pid":79012,"level":30,"msg":"[Worker #1] create_and_merge_pr: went to open pull request page","time":"2019-04-08T15:36:24.400Z","v":0}
{"name":"phantom-workers","hostname":"MBP-Kacper.localdomain","pid":79012,"level":30,"msg":"[Worker #1] create_and_merge_pr: created pull request","time":"2019-04-08T15:36:25.635Z","v":0}
{"name":"phantom-workers","hostname":"MBP-Kacper.localdomain","pid":79012,"level":30,"msg":"[Worker #1] create_and_merge_pr: merged pull request","time":"2019-04-08T15:36:31.645Z","v":0}
{"name":"phantom-workers","hostname":"MBP-Kacper.localdomain","pid":79012,"level":30,"msg":"[Worker #1] create_and_merge_pr: logout","time":"2019-04-08T15:36:43.004Z","v":0}
{"name":"phantom-workers","hostname":"MBP-Kacper.localdomain","pid":79012,"level":30,"msg":"[Worker #1] create_and_merge_pr","time":"2019-04-08T15:37:00.002Z","v":0}
{"name":"phantom-workers","hostname":"MBP-Kacper.localdomain","pid":79012,"level":30,"msg":"[Worker #1] create_and_merge_pr: launched","time":"2019-04-08T15:37:01.085Z","v":0}
{"name":"phantom-workers","hostname":"MBP-Kacper.localdomain","pid":79012,"level":30,"msg":"[Worker #1] create_and_merge_pr: authenticated","time":"2019-04-08T15:37:09.881Z","v":0}
{"name":"phantom-workers","hostname":"MBP-Kacper.localdomain","pid":79012,"level":30,"msg":"[Worker #1] create_and_merge_pr: went to file edit page","time":"2019-04-08T15:37:10.784Z","v":0}
{"name":"phantom-workers","hostname":"MBP-Kacper.localdomain","pid":79012,"level":30,"msg":"[Worker #1] create_and_merge_pr: added content","time":"2019-04-08T15:37:12.805Z","v":0}
{"name":"phantom-workers","hostname":"MBP-Kacper.localdomain","pid":79012,"level":30,"msg":"[Worker #1] create_and_merge_pr: submited file","time":"2019-04-08T15:37:15.854Z","v":0}
{"name":"phantom-workers","hostname":"MBP-Kacper.localdomain","pid":79012,"level":30,"msg":"[Worker #1] create_and_merge_pr: went to open pull request page","time":"2019-04-08T15:37:23.856Z","v":0}
{"name":"phantom-workers","hostname":"MBP-Kacper.localdomain","pid":79012,"level":30,"msg":"[Worker #1] create_and_merge_pr: created pull request","time":"2019-04-08T15:37:24.585Z","v":0}
{"name":"phantom-workers","hostname":"MBP-Kacper.localdomain","pid":79012,"level":30,"msg":"[Worker #1] create_and_merge_pr: merged pull request","time":"2019-04-08T15:37:30.598Z","v":0}
{"name":"phantom-workers","hostname":"MBP-Kacper.localdomain","pid":79012,"level":30,"msg":"[Worker #1] create_and_merge_pr: logout","time":"2019-04-08T15:37:41.941Z","v":0}
{"name":"phantom-workers","hostname":"MBP-Kacper.localdomain","pid":79012,"level":30,"msg":"[Worker #1] create_and_merge_pr","time":"2019-04-08T15:38:00.001Z","v":0}
{"name":"phantom-workers","hostname":"MBP-Kacper.localdomain","pid":79012,"level":30,"msg":"[Worker #1] create_and_merge_pr: launched","time":"2019-04-08T15:38:01.070Z","v":0}
{"name":"phantom-workers","hostname":"MBP-Kacper.localdomain","pid":79012,"level":30,"msg":"[Worker #1] create_and_merge_pr: authenticated","time":"2019-04-08T15:38:10.128Z","v":0}
{"name":"phantom-workers","hostname":"MBP-Kacper.localdomain","pid":79012,"level":30,"msg":"[Worker #1] create_and_merge_pr: went to file edit page","time":"2019-04-08T15:38:11.201Z","v":0}
{"name":"phantom-workers","hostname":"MBP-Kacper.localdomain","pid":79012,"level":30,"msg":"[Worker #1] create_and_merge_pr: added content","time":"2019-04-08T15:38:13.219Z","v":0}
{"name":"phantom-workers","hostname":"MBP-Kacper.localdomain","pid":79012,"level":30,"msg":"[Worker #1] create_and_merge_pr: submited file","time":"2019-04-08T15:38:16.257Z","v":0}
{"name":"phantom-workers","hostname":"MBP-Kacper.localdomain","pid":79012,"level":30,"msg":"[Worker #1] create_and_merge_pr: went to open pull request page","time":"2019-04-08T15:38:24.263Z","v":0}
{"name":"phantom-workers","hostname":"MBP-Kacper.localdomain","pid":79012,"level":30,"msg":"[Worker #1] create_and_merge_pr: created pull request","time":"2019-04-08T15:38:25.429Z","v":0}
{"name":"phantom-workers","hostname":"MBP-Kacper.localdomain","pid":79012,"level":30,"msg":"[Worker #1] create_and_merge_pr: merged pull request","time":"2019-04-08T15:38:31.435Z","v":0}
{"name":"phantom-workers","hostname":"MBP-Kacper.localdomain","pid":79012,"level":30,"msg":"[Worker #1] create_and_merge_pr: logout","time":"2019-04-08T15:38:42.819Z","v":0}
{"name":"phantom-workers","hostname":"MBP-Kacper.localdomain","pid":79240,"level":30,"msg":"Running...","time":"2019-04-08T15:38:57.326Z","v":0}
{"name":"phantom-workers","hostname":"MBP-Kacper.localdomain","pid":79240,"level":30,"msg":"[Worker #1] task: create_and_merge_pr, cron: * * * * *, p: 100%","time":"2019-04-08T15:38:57.326Z","v":0}
{"name":"phantom-workers","hostname":"MBP-Kacper.localdomain","pid":79240,"level":30,"msg":"[Worker #2] task: create_and_merge_pr, cron: 15,45 * * * *, p: 30%","time":"2019-04-08T15:38:57.329Z","v":0}
{"name":"phantom-workers","hostname":"MBP-Kacper.localdomain","pid":79240,"level":30,"msg":"[Worker #1] create_and_merge_pr","time":"2019-04-08T15:39:00.002Z","v":0}
{"name":"phantom-workers","hostname":"MBP-Kacper.localdomain","pid":79240,"level":30,"msg":"[Worker #1] create_and_merge_pr: launched","time":"2019-04-08T15:39:01.064Z","v":0}
{"name":"phantom-workers","hostname":"MBP-Kacper.localdomain","pid":79240,"level":30,"msg":"[Worker #1] create_and_merge_pr: authenticated","time":"2019-04-08T15:39:09.847Z","v":0}
{"name":"phantom-workers","hostname":"MBP-Kacper.localdomain","pid":79240,"level":50,"err":{"message":"this.browser.process is not a function","name":"TypeError","stack":"TypeError: this.browser.process is not a function\n    at PhantomWorker.createAndMergePR (/Users/perzanko/Workspace/private/projects/gitcare/phantom-workers/src/PhantomWorker.js:28:32)"},"msg":"this.browser.process is not a function","time":"2019-04-08T15:39:09.848Z","v":0}
{"name":"phantom-workers","hostname":"MBP-Kacper.localdomain","pid":79240,"level":50,"err":{"message":"this.browser.process is not a function","name":"TypeError","stack":"TypeError: this.browser.process is not a function\n    at PhantomWorker.close (/Users/perzanko/Workspace/private/projects/gitcare/phantom-workers/src/PhantomWorker.js:91:30)\n    at process._tickCallback (internal/process/next_tick.js:68:7)"},"msg":"this.browser.process is not a function","time":"2019-04-08T15:39:09.910Z","v":0}
{"name":"phantom-workers","hostname":"MBP-Kacper.localdomain","pid":79240,"level":30,"msg":"[Worker #1] create_and_merge_pr","time":"2019-04-08T15:40:00.005Z","v":0}
{"name":"phantom-workers","hostname":"MBP-Kacper.localdomain","pid":79240,"level":30,"msg":"[Worker #1] create_and_merge_pr: launched","time":"2019-04-08T15:40:01.076Z","v":0}
{"name":"phantom-workers","hostname":"MBP-Kacper.localdomain","pid":79240,"level":30,"msg":"[Worker #1] create_and_merge_pr: authenticated","time":"2019-04-08T15:40:09.864Z","v":0}
{"name":"phantom-workers","hostname":"MBP-Kacper.localdomain","pid":79240,"level":50,"err":{"message":"this.browser.process is not a function","name":"TypeError","stack":"TypeError: this.browser.process is not a function\n    at PhantomWorker.createAndMergePR (/Users/perzanko/Workspace/private/projects/gitcare/phantom-workers/src/PhantomWorker.js:28:32)"},"msg":"this.browser.process is not a function","time":"2019-04-08T15:40:09.864Z","v":0}
{"name":"phantom-workers","hostname":"MBP-Kacper.localdomain","pid":79240,"level":50,"err":{"message":"this.browser.process is not a function","name":"TypeError","stack":"TypeError: this.browser.process is not a function\n    at PhantomWorker.close (/Users/perzanko/Workspace/private/projects/gitcare/phantom-workers/src/PhantomWorker.js:91:30)\n    at process._tickCallback (internal/process/next_tick.js:68:7)"},"msg":"this.browser.process is not a function","time":"2019-04-08T15:40:09.943Z","v":0}
{"name":"phantom-workers","hostname":"MBP-Kacper.localdomain","pid":79240,"level":30,"msg":"[Worker #1] create_and_merge_pr","time":"2019-04-08T15:41:00.004Z","v":0}
{"name":"phantom-workers","hostname":"MBP-Kacper.localdomain","pid":79240,"level":30,"msg":"[Worker #1] create_and_merge_pr: launched","time":"2019-04-08T15:41:01.068Z","v":0}
{"name":"phantom-workers","hostname":"MBP-Kacper.localdomain","pid":79240,"level":30,"msg":"[Worker #1] create_and_merge_pr: authenticated","time":"2019-04-08T15:41:09.829Z","v":0}
{"name":"phantom-workers","hostname":"MBP-Kacper.localdomain","pid":79240,"level":50,"err":{"message":"this.browser.process is not a function","name":"TypeError","stack":"TypeError: this.browser.process is not a function\n    at PhantomWorker.createAndMergePR (/Users/perzanko/Workspace/private/projects/gitcare/phantom-workers/src/PhantomWorker.js:28:32)"},"msg":"this.browser.process is not a function","time":"2019-04-08T15:41:09.830Z","v":0}
{"name":"phantom-workers","hostname":"MBP-Kacper.localdomain","pid":79240,"level":50,"err":{"message":"this.browser.process is not a function","name":"TypeError","stack":"TypeError: this.browser.process is not a function\n    at PhantomWorker.close (/Users/perzanko/Workspace/private/projects/gitcare/phantom-workers/src/PhantomWorker.js:91:30)\n    at process._tickCallback (internal/process/next_tick.js:68:7)"},"msg":"this.browser.process is not a function","time":"2019-04-08T15:41:09.904Z","v":0}
{"name":"phantom-workers","hostname":"MBP-Kacper.localdomain","pid":79240,"level":30,"msg":"[Worker #1] create_and_merge_pr","time":"2019-04-08T15:42:00.005Z","v":0}
{"name":"phantom-workers","hostname":"MBP-Kacper.localdomain","pid":79240,"level":30,"msg":"[Worker #1] create_and_merge_pr: launched","time":"2019-04-08T15:42:01.092Z","v":0}
{"name":"phantom-workers","hostname":"MBP-Kacper.localdomain","pid":79240,"level":30,"msg":"[Worker #1] create_and_merge_pr: authenticated","time":"2019-04-08T15:42:11.056Z","v":0}
{"name":"phantom-workers","hostname":"MBP-Kacper.localdomain","pid":79240,"level":50,"err":{"message":"this.browser.process is not a function","name":"TypeError","stack":"TypeError: this.browser.process is not a function\n    at PhantomWorker.createAndMergePR (/Users/perzanko/Workspace/private/projects/gitcare/phantom-workers/src/PhantomWorker.js:28:32)"},"msg":"this.browser.process is not a function","time":"2019-04-08T15:42:11.056Z","v":0}
{"name":"phantom-workers","hostname":"MBP-Kacper.localdomain","pid":79240,"level":50,"err":{"message":"this.browser.process is not a function","name":"TypeError","stack":"TypeError: this.browser.process is not a function\n    at PhantomWorker.close (/Users/perzanko/Workspace/private/projects/gitcare/phantom-workers/src/PhantomWorker.js:91:30)\n    at process._tickCallback (internal/process/next_tick.js:68:7)"},"msg":"this.browser.process is not a function","time":"2019-04-08T15:42:11.126Z","v":0}
{"name":"phantom-workers","hostname":"MBP-Kacper.localdomain","pid":79240,"level":30,"msg":"[Worker #1] create_and_merge_pr","time":"2019-04-08T15:43:00.006Z","v":0}
{"name":"phantom-workers","hostname":"MBP-Kacper.localdomain","pid":79240,"level":30,"msg":"[Worker #1] create_and_merge_pr: launched","time":"2019-04-08T15:43:01.130Z","v":0}
{"name":"phantom-workers","hostname":"MBP-Kacper.localdomain","pid":79240,"level":30,"msg":"[Worker #1] create_and_merge_pr: authenticated","time":"2019-04-08T15:43:10.154Z","v":0}
{"name":"phantom-workers","hostname":"MBP-Kacper.localdomain","pid":79240,"level":50,"err":{"message":"this.browser.process is not a function","name":"TypeError","stack":"TypeError: this.browser.process is not a function\n    at PhantomWorker.createAndMergePR (/Users/perzanko/Workspace/private/projects/gitcare/phantom-workers/src/PhantomWorker.js:28:32)"},"msg":"this.browser.process is not a function","time":"2019-04-08T15:43:10.155Z","v":0}
{"name":"phantom-workers","hostname":"MBP-Kacper.localdomain","pid":79240,"level":50,"err":{"message":"this.browser.process is not a function","name":"TypeError","stack":"TypeError: this.browser.process is not a function\n    at PhantomWorker.close (/Users/perzanko/Workspace/private/projects/gitcare/phantom-workers/src/PhantomWorker.js:91:30)\n    at process._tickCallback (internal/process/next_tick.js:68:7)"},"msg":"this.browser.process is not a function","time":"2019-04-08T15:43:10.238Z","v":0}
{"name":"phantom-workers","hostname":"MBP-Kacper.localdomain","pid":79240,"level":30,"msg":"[Worker #1] create_and_merge_pr","time":"2019-04-08T15:44:00.001Z","v":0}
{"name":"phantom-workers","hostname":"MBP-Kacper.localdomain","pid":79240,"level":30,"msg":"[Worker #1] create_and_merge_pr: launched","time":"2019-04-08T15:44:01.077Z","v":0}
{"name":"phantom-workers","hostname":"MBP-Kacper.localdomain","pid":79240,"level":30,"msg":"[Worker #1] create_and_merge_pr: authenticated","time":"2019-04-08T15:44:09.958Z","v":0}
{"name":"phantom-workers","hostname":"MBP-Kacper.localdomain","pid":79240,"level":50,"err":{"message":"this.browser.process is not a function","name":"TypeError","stack":"TypeError: this.browser.process is not a function\n    at PhantomWorker.createAndMergePR (/Users/perzanko/Workspace/private/projects/gitcare/phantom-workers/src/PhantomWorker.js:28:32)"},"msg":"this.browser.process is not a function","time":"2019-04-08T15:44:09.959Z","v":0}
{"name":"phantom-workers","hostname":"MBP-Kacper.localdomain","pid":79240,"level":50,"err":{"message":"this.browser.process is not a function","name":"TypeError","stack":"TypeError: this.browser.process is not a function\n    at PhantomWorker.close (/Users/perzanko/Workspace/private/projects/gitcare/phantom-workers/src/PhantomWorker.js:91:30)\n    at process._tickCallback (internal/process/next_tick.js:68:7)"},"msg":"this.browser.process is not a function","time":"2019-04-08T15:44:10.044Z","v":0}
{"name":"phantom-workers","hostname":"MBP-Kacper.localdomain","pid":79240,"level":30,"msg":"[Worker #2] create_and_merge_pr","time":"2019-04-08T15:45:00.003Z","v":0}
{"name":"phantom-workers","hostname":"MBP-Kacper.localdomain","pid":79240,"level":30,"msg":"[Worker #2] omitted","time":"2019-04-08T15:45:00.003Z","v":0}
{"name":"phantom-workers","hostname":"MBP-Kacper.localdomain","pid":79240,"level":30,"msg":"[Worker #1] create_and_merge_pr","time":"2019-04-08T15:45:00.003Z","v":0}
{"name":"phantom-workers","hostname":"MBP-Kacper.localdomain","pid":79240,"level":30,"msg":"[Worker #1] create_and_merge_pr: launched","time":"2019-04-08T15:45:01.088Z","v":0}
{"name":"phantom-workers","hostname":"MBP-Kacper.localdomain","pid":79240,"level":30,"msg":"[Worker #1] create_and_merge_pr: authenticated","time":"2019-04-08T15:45:09.850Z","v":0}
{"name":"phantom-workers","hostname":"MBP-Kacper.localdomain","pid":79240,"level":50,"err":{"message":"this.browser.process is not a function","name":"TypeError","stack":"TypeError: this.browser.process is not a function\n    at PhantomWorker.createAndMergePR (/Users/perzanko/Workspace/private/projects/gitcare/phantom-workers/src/PhantomWorker.js:28:32)"},"msg":"this.browser.process is not a function","time":"2019-04-08T15:45:09.851Z","v":0}
{"name":"phantom-workers","hostname":"MBP-Kacper.localdomain","pid":79240,"level":50,"err":{"message":"this.browser.process is not a function","name":"TypeError","stack":"TypeError: this.browser.process is not a function\n    at PhantomWorker.close (/Users/perzanko/Workspace/private/projects/gitcare/phantom-workers/src/PhantomWorker.js:91:30)\n    at process._tickCallback (internal/process/next_tick.js:68:7)"},"msg":"this.browser.process is not a function","time":"2019-04-08T15:45:09.895Z","v":0}
{"name":"phantom-workers","hostname":"MBP-Kacper.localdomain","pid":79240,"level":30,"msg":"[Worker #1] create_and_merge_pr","time":"2019-04-08T15:46:00.005Z","v":0}
{"name":"phantom-workers","hostname":"MBP-Kacper.localdomain","pid":79240,"level":30,"msg":"[Worker #1] create_and_merge_pr: launched","time":"2019-04-08T15:46:01.079Z","v":0}
{"name":"phantom-workers","hostname":"MBP-Kacper.localdomain","pid":79240,"level":30,"msg":"[Worker #1] create_and_merge_pr: authenticated","time":"2019-04-08T15:46:09.871Z","v":0}
{"name":"phantom-workers","hostname":"MBP-Kacper.localdomain","pid":79240,"level":50,"err":{"message":"this.browser.process is not a function","name":"TypeError","stack":"TypeError: this.browser.process is not a function\n    at PhantomWorker.createAndMergePR (/Users/perzanko/Workspace/private/projects/gitcare/phantom-workers/src/PhantomWorker.js:28:32)"},"msg":"this.browser.process is not a function","time":"2019-04-08T15:46:09.872Z","v":0}
{"name":"phantom-workers","hostname":"MBP-Kacper.localdomain","pid":79240,"level":50,"err":{"message":"this.browser.process is not a function","name":"TypeError","stack":"TypeError: this.browser.process is not a function\n    at PhantomWorker.close (/Users/perzanko/Workspace/private/projects/gitcare/phantom-workers/src/PhantomWorker.js:91:30)\n    at process._tickCallback (internal/process/next_tick.js:68:7)"},"msg":"this.browser.process is not a function","time":"2019-04-08T15:46:09.948Z","v":0}
{"name":"phantom-workers","hostname":"MBP-Kacper.localdomain","pid":79240,"level":30,"msg":"[Worker #1] create_and_merge_pr","time":"2019-04-08T15:47:00.005Z","v":0}
{"name":"phantom-workers","hostname":"MBP-Kacper.localdomain","pid":79240,"level":30,"msg":"[Worker #1] create_and_merge_pr: launched","time":"2019-04-08T15:47:01.088Z","v":0}
{"name":"phantom-workers","hostname":"MBP-Kacper.localdomain","pid":79240,"level":30,"msg":"[Worker #1] create_and_merge_pr: authenticated","time":"2019-04-08T15:47:09.823Z","v":0}
{"name":"phantom-workers","hostname":"MBP-Kacper.localdomain","pid":79240,"level":50,"err":{"message":"this.browser.process is not a function","name":"TypeError","stack":"TypeError: this.browser.process is not a function\n    at PhantomWorker.createAndMergePR (/Users/perzanko/Workspace/private/projects/gitcare/phantom-workers/src/PhantomWorker.js:28:32)"},"msg":"this.browser.process is not a function","time":"2019-04-08T15:47:09.823Z","v":0}
{"name":"phantom-workers","hostname":"MBP-Kacper.localdomain","pid":79240,"level":50,"err":{"message":"this.browser.process is not a function","name":"TypeError","stack":"TypeError: this.browser.process is not a function\n    at PhantomWorker.close (/Users/perzanko/Workspace/private/projects/gitcare/phantom-workers/src/PhantomWorker.js:91:30)\n    at process._tickCallback (internal/process/next_tick.js:68:7)"},"msg":"this.browser.process is not a function","time":"2019-04-08T15:47:09.900Z","v":0}
{"name":"phantom-workers","hostname":"MBP-Kacper.localdomain","pid":79240,"level":30,"msg":"[Worker #1] create_and_merge_pr","time":"2019-04-08T15:48:00.004Z","v":0}
{"name":"phantom-workers","hostname":"MBP-Kacper.localdomain","pid":79240,"level":30,"msg":"[Worker #1] create_and_merge_pr: launched","time":"2019-04-08T15:48:01.082Z","v":0}
{"name":"phantom-workers","hostname":"MBP-Kacper.localdomain","pid":79240,"level":30,"msg":"[Worker #1] create_and_merge_pr: authenticated","time":"2019-04-08T15:48:09.886Z","v":0}
{"name":"phantom-workers","hostname":"MBP-Kacper.localdomain","pid":79240,"level":50,"err":{"message":"this.browser.process is not a function","name":"TypeError","stack":"TypeError: this.browser.process is not a function\n    at PhantomWorker.createAndMergePR (/Users/perzanko/Workspace/private/projects/gitcare/phantom-workers/src/PhantomWorker.js:28:32)"},"msg":"this.browser.process is not a function","time":"2019-04-08T15:48:09.886Z","v":0}
{"name":"phantom-workers","hostname":"MBP-Kacper.localdomain","pid":79240,"level":50,"err":{"message":"this.browser.process is not a function","name":"TypeError","stack":"TypeError: this.browser.process is not a function\n    at PhantomWorker.close (/Users/perzanko/Workspace/private/projects/gitcare/phantom-workers/src/PhantomWorker.js:91:30)\n    at process._tickCallback (internal/process/next_tick.js:68:7)"},"msg":"this.browser.process is not a function","time":"2019-04-08T15:48:09.965Z","v":0}
{"name":"phantom-workers","hostname":"MBP-Kacper.localdomain","pid":79240,"level":30,"msg":"[Worker #1] create_and_merge_pr","time":"2019-04-08T15:49:00.003Z","v":0}
{"name":"phantom-workers","hostname":"MBP-Kacper.localdomain","pid":79240,"level":30,"msg":"[Worker #1] create_and_merge_pr: launched","time":"2019-04-08T15:49:01.150Z","v":0}
{"name":"phantom-workers","hostname":"MBP-Kacper.localdomain","pid":79240,"level":30,"msg":"[Worker #1] create_and_merge_pr: authenticated","time":"2019-04-08T15:49:09.962Z","v":0}
{"name":"phantom-workers","hostname":"MBP-Kacper.localdomain","pid":79240,"level":50,"err":{"message":"this.browser.process is not a function","name":"TypeError","stack":"TypeError: this.browser.process is not a function\n    at PhantomWorker.createAndMergePR (/Users/perzanko/Workspace/private/projects/gitcare/phantom-workers/src/PhantomWorker.js:28:32)"},"msg":"this.browser.process is not a function","time":"2019-04-08T15:49:09.962Z","v":0}
{"name":"phantom-workers","hostname":"MBP-Kacper.localdomain","pid":79240,"level":50,"err":{"message":"this.browser.process is not a function","name":"TypeError","stack":"TypeError: this.browser.process is not a function\n    at PhantomWorker.close (/Users/perzanko/Workspace/private/projects/gitcare/phantom-workers/src/PhantomWorker.js:91:30)\n    at process._tickCallback (internal/process/next_tick.js:68:7)"},"msg":"this.browser.process is not a function","time":"2019-04-08T15:49:10.006Z","v":0}
{"name":"phantom-workers","hostname":"MBP-Kacper.localdomain","pid":79240,"level":30,"msg":"[Worker #1] create_and_merge_pr","time":"2019-04-08T15:50:00.002Z","v":0}
{"name":"phantom-workers","hostname":"MBP-Kacper.localdomain","pid":79240,"level":30,"msg":"[Worker #1] create_and_merge_pr: launched","time":"2019-04-08T15:50:01.197Z","v":0}
{"name":"phantom-workers","hostname":"MBP-Kacper.localdomain","pid":79240,"level":30,"msg":"[Worker #1] create_and_merge_pr: authenticated","time":"2019-04-08T15:50:11.525Z","v":0}
{"name":"phantom-workers","hostname":"MBP-Kacper.localdomain","pid":79240,"level":50,"err":{"message":"this.browser.process is not a function","name":"TypeError","stack":"TypeError: this.browser.process is not a function\n    at PhantomWorker.createAndMergePR (/Users/perzanko/Workspace/private/projects/gitcare/phantom-workers/src/PhantomWorker.js:28:32)"},"msg":"this.browser.process is not a function","time":"2019-04-08T15:50:11.526Z","v":0}
{"name":"phantom-workers","hostname":"MBP-Kacper.localdomain","pid":79240,"level":50,"err":{"message":"this.browser.process is not a function","name":"TypeError","stack":"TypeError: this.browser.process is not a function\n    at PhantomWorker.close (/Users/perzanko/Workspace/private/projects/gitcare/phantom-workers/src/PhantomWorker.js:91:30)\n    at process._tickCallback (internal/process/next_tick.js:68:7)"},"msg":"this.browser.process is not a function","time":"2019-04-08T15:50:11.569Z","v":0}
{"name":"phantom-workers","hostname":"MBP-Kacper.localdomain","pid":79889,"level":30,"msg":"Running...","time":"2019-04-08T15:50:38.901Z","v":0}
{"name":"phantom-workers","hostname":"MBP-Kacper.localdomain","pid":79889,"level":30,"msg":"[Worker #1] task: create_and_merge_pr, cron: * * * * *, p: 100%","time":"2019-04-08T15:50:38.901Z","v":0}
{"name":"phantom-workers","hostname":"MBP-Kacper.localdomain","pid":79889,"level":30,"msg":"[Worker #2] task: create_and_merge_pr, cron: 15,45 * * * *, p: 30%","time":"2019-04-08T15:50:38.904Z","v":0}
{"name":"phantom-workers","hostname":"MBP-Kacper.localdomain","pid":79889,"level":30,"msg":"[Worker #1] create_and_merge_pr","time":"2019-04-08T15:51:00.004Z","v":0}
{"name":"phantom-workers","hostname":"MBP-Kacper.localdomain","pid":79889,"level":30,"msg":"[Worker #1] create_and_merge_pr: launched","time":"2019-04-08T15:51:01.101Z","v":0}
{"name":"phantom-workers","hostname":"MBP-Kacper.localdomain","pid":79889,"level":30,"msg":"[Worker #1] create_and_merge_pr: authenticated","time":"2019-04-08T15:51:09.943Z","v":0}
{"name":"phantom-workers","hostname":"MBP-Kacper.localdomain","pid":79889,"level":30,"msg":"[Worker #1] create_and_merge_pr: went to file edit page","time":"2019-04-08T15:51:10.990Z","v":0}
{"name":"phantom-workers","hostname":"MBP-Kacper.localdomain","pid":79889,"level":30,"msg":"[Worker #1] create_and_merge_pr: added content","time":"2019-04-08T15:51:13.028Z","v":0}
{"name":"phantom-workers","hostname":"MBP-Kacper.localdomain","pid":79889,"level":30,"msg":"[Worker #1] create_and_merge_pr: submited file","time":"2019-04-08T15:51:16.078Z","v":0}
{"name":"phantom-workers","hostname":"MBP-Kacper.localdomain","pid":79889,"level":30,"msg":"[Worker #1] create_and_merge_pr: went to open pull request page","time":"2019-04-08T15:51:24.079Z","v":0}
{"name":"phantom-workers","hostname":"MBP-Kacper.localdomain","pid":79889,"level":30,"msg":"[Worker #1] create_and_merge_pr: created pull request","time":"2019-04-08T15:51:24.793Z","v":0}
{"name":"phantom-workers","hostname":"MBP-Kacper.localdomain","pid":79889,"level":30,"msg":"[Worker #1] create_and_merge_pr: merged pull request","time":"2019-04-08T15:51:30.805Z","v":0}
{"name":"phantom-workers","hostname":"MBP-Kacper.localdomain","pid":79889,"level":30,"msg":"[Worker #1] create_and_merge_pr: logout","time":"2019-04-08T15:51:42.153Z","v":0}
{"name":"phantom-workers","hostname":"MBP-Kacper.localdomain","pid":79889,"level":30,"msg":"[Worker #1] create_and_merge_pr","time":"2019-04-08T15:52:00.005Z","v":0}
{"name":"phantom-workers","hostname":"MBP-Kacper.localdomain","pid":79889,"level":30,"msg":"[Worker #1] create_and_merge_pr: launched","time":"2019-04-08T15:52:01.103Z","v":0}
{"name":"phantom-workers","hostname":"MBP-Kacper.localdomain","pid":79889,"level":30,"msg":"[Worker #1] create_and_merge_pr: authenticated","time":"2019-04-08T15:52:09.896Z","v":0}
{"name":"phantom-workers","hostname":"MBP-Kacper.localdomain","pid":79889,"level":30,"msg":"[Worker #1] create_and_merge_pr: went to file edit page","time":"2019-04-08T15:52:11.372Z","v":0}
{"name":"phantom-workers","hostname":"MBP-Kacper.localdomain","pid":79889,"level":30,"msg":"[Worker #1] create_and_merge_pr: added content","time":"2019-04-08T15:52:13.392Z","v":0}
{"name":"phantom-workers","hostname":"MBP-Kacper.localdomain","pid":79889,"level":30,"msg":"[Worker #1] create_and_merge_pr: submited file","time":"2019-04-08T15:52:16.438Z","v":0}
{"name":"phantom-workers","hostname":"MBP-Kacper.localdomain","pid":79889,"level":30,"msg":"[Worker #1] create_and_merge_pr: went to open pull request page","time":"2019-04-08T15:52:24.442Z","v":0}
{"name":"phantom-workers","hostname":"MBP-Kacper.localdomain","pid":79889,"level":30,"msg":"[Worker #1] create_and_merge_pr: created pull request","time":"2019-04-08T15:52:24.896Z","v":0}
{"name":"phantom-workers","hostname":"MBP-Kacper.localdomain","pid":79889,"level":30,"msg":"[Worker #1] create_and_merge_pr: merged pull request","time":"2019-04-08T15:52:30.908Z","v":0}
{"name":"phantom-workers","hostname":"MBP-Kacper.localdomain","pid":79889,"level":30,"msg":"[Worker #1] create_and_merge_pr: logout","time":"2019-04-08T15:52:42.301Z","v":0}
{"name":"phantom-workers","hostname":"MBP-Kacper.localdomain","pid":80034,"level":30,"msg":"Running...","time":"2019-04-08T15:53:00.552Z","v":0}
{"name":"phantom-workers","hostname":"MBP-Kacper.localdomain","pid":80034,"level":30,"msg":"[Worker #1] task: create_and_merge_pr, cron: * * * * *, p: 100%","time":"2019-04-08T15:53:00.552Z","v":0}
{"name":"phantom-workers","hostname":"MBP-Kacper.localdomain","pid":80034,"level":30,"msg":"[Worker #2] task: create_and_merge_pr, cron: 15,45 * * * *, p: 30%","time":"2019-04-08T15:53:00.555Z","v":0}
{"name":"phantom-workers","hostname":"MBP-Kacper.localdomain","pid":80034,"level":30,"msg":"[Worker #1] create_and_merge_pr","time":"2019-04-08T15:54:00.002Z","v":0}
{"name":"phantom-workers","hostname":"MBP-Kacper.localdomain","pid":80034,"level":50,"err":{"message":"this.browser.newPage is not a function","name":"TypeError","stack":"TypeError: this.browser.newPage is not a function\n    at PhantomWorker.launch (/Users/perzanko/Workspace/private/projects/gitcare/phantom-workers/src/PhantomWorker.js:84:36)\n    at process._tickCallback (internal/process/next_tick.js:68:7)"},"msg":"this.browser.newPage is not a function","time":"2019-04-08T15:54:00.741Z","v":0}
{"name":"phantom-workers","hostname":"MBP-Kacper.localdomain","pid":80034,"level":50,"err":{"message":"Cannot read property 'close' of null","name":"TypeError","stack":"TypeError: Cannot read property 'close' of null\n    at PhantomWorker.close (/Users/perzanko/Workspace/private/projects/gitcare/phantom-workers/src/PhantomWorker.js:89:21)\n    at PhantomWorker.createAndMergePR (/Users/perzanko/Workspace/private/projects/gitcare/phantom-workers/src/PhantomWorker.js:69:18)\n    at process._tickCallback (internal/process/next_tick.js:68:7)"},"msg":"Cannot read property 'close' of null","time":"2019-04-08T15:54:00.741Z","v":0}
{"name":"phantom-workers","hostname":"MBP-Kacper.localdomain","pid":80034,"level":30,"msg":"[Worker #1] create_and_merge_pr","time":"2019-04-08T15:55:00.004Z","v":0}
{"name":"phantom-workers","hostname":"MBP-Kacper.localdomain","pid":80034,"level":50,"err":{"message":"this.browser.newPage is not a function","name":"TypeError","stack":"TypeError: this.browser.newPage is not a function\n    at PhantomWorker.launch (/Users/perzanko/Workspace/private/projects/gitcare/phantom-workers/src/PhantomWorker.js:84:36)\n    at process._tickCallback (internal/process/next_tick.js:68:7)"},"msg":"this.browser.newPage is not a function","time":"2019-04-08T15:55:00.716Z","v":0}
{"name":"phantom-workers","hostname":"MBP-Kacper.localdomain","pid":80034,"level":50,"err":{"message":"Cannot read property 'close' of null","name":"TypeError","stack":"TypeError: Cannot read property 'close' of null\n    at PhantomWorker.close (/Users/perzanko/Workspace/private/projects/gitcare/phantom-workers/src/PhantomWorker.js:89:21)\n    at PhantomWorker.createAndMergePR (/Users/perzanko/Workspace/private/projects/gitcare/phantom-workers/src/PhantomWorker.js:69:18)\n    at process._tickCallback (internal/process/next_tick.js:68:7)"},"msg":"Cannot read property 'close' of null","time":"2019-04-08T15:55:00.717Z","v":0}
{"name":"phantom-workers","hostname":"MBP-Kacper.localdomain","pid":80034,"level":30,"msg":"[Worker #1] create_and_merge_pr","time":"2019-04-08T15:56:00.001Z","v":0}
{"name":"phantom-workers","hostname":"MBP-Kacper.localdomain","pid":80034,"level":50,"err":{"message":"this.browser.newPage is not a function","name":"TypeError","stack":"TypeError: this.browser.newPage is not a function\n    at PhantomWorker.launch (/Users/perzanko/Workspace/private/projects/gitcare/phantom-workers/src/PhantomWorker.js:84:36)\n    at process._tickCallback (internal/process/next_tick.js:68:7)"},"msg":"this.browser.newPage is not a function","time":"2019-04-08T15:56:00.735Z","v":0}
{"name":"phantom-workers","hostname":"MBP-Kacper.localdomain","pid":80034,"level":50,"err":{"message":"Cannot read property 'close' of null","name":"TypeError","stack":"TypeError: Cannot read property 'close' of null\n    at PhantomWorker.close (/Users/perzanko/Workspace/private/projects/gitcare/phantom-workers/src/PhantomWorker.js:89:21)\n    at PhantomWorker.createAndMergePR (/Users/perzanko/Workspace/private/projects/gitcare/phantom-workers/src/PhantomWorker.js:69:18)\n    at process._tickCallback (internal/process/next_tick.js:68:7)"},"msg":"Cannot read property 'close' of null","time":"2019-04-08T15:56:00.736Z","v":0}
{"name":"phantom-workers","hostname":"MBP-Kacper.localdomain","pid":80034,"level":30,"msg":"[Worker #1] create_and_merge_pr","time":"2019-04-08T15:57:00.002Z","v":0}
{"name":"phantom-workers","hostname":"MBP-Kacper.localdomain","pid":80034,"level":50,"err":{"message":"this.browser.newPage is not a function","name":"TypeError","stack":"TypeError: this.browser.newPage is not a function\n    at PhantomWorker.launch (/Users/perzanko/Workspace/private/projects/gitcare/phantom-workers/src/PhantomWorker.js:84:36)\n    at process._tickCallback (internal/process/next_tick.js:68:7)"},"msg":"this.browser.newPage is not a function","time":"2019-04-08T15:57:00.750Z","v":0}
{"name":"phantom-workers","hostname":"MBP-Kacper.localdomain","pid":80034,"level":50,"err":{"message":"Cannot read property 'close' of null","name":"TypeError","stack":"TypeError: Cannot read property 'close' of null\n    at PhantomWorker.close (/Users/perzanko/Workspace/private/projects/gitcare/phantom-workers/src/PhantomWorker.js:89:21)\n    at PhantomWorker.createAndMergePR (/Users/perzanko/Workspace/private/projects/gitcare/phantom-workers/src/PhantomWorker.js:69:18)\n    at process._tickCallback (internal/process/next_tick.js:68:7)"},"msg":"Cannot read property 'close' of null","time":"2019-04-08T15:57:00.750Z","v":0}
{"name":"phantom-workers","hostname":"MBP-Kacper.localdomain","pid":80034,"level":30,"msg":"[Worker #1] create_and_merge_pr","time":"2019-04-08T15:58:00.005Z","v":0}
{"name":"phantom-workers","hostname":"MBP-Kacper.localdomain","pid":80034,"level":50,"err":{"message":"this.browser.newPage is not a function","name":"TypeError","stack":"TypeError: this.browser.newPage is not a function\n    at PhantomWorker.launch (/Users/perzanko/Workspace/private/projects/gitcare/phantom-workers/src/PhantomWorker.js:84:36)\n    at process._tickCallback (internal/process/next_tick.js:68:7)"},"msg":"this.browser.newPage is not a function","time":"2019-04-08T15:58:00.752Z","v":0}
{"name":"phantom-workers","hostname":"MBP-Kacper.localdomain","pid":80034,"level":50,"err":{"message":"Cannot read property 'close' of null","name":"TypeError","stack":"TypeError: Cannot read property 'close' of null\n    at PhantomWorker.close (/Users/perzanko/Workspace/private/projects/gitcare/phantom-workers/src/PhantomWorker.js:89:21)\n    at PhantomWorker.createAndMergePR (/Users/perzanko/Workspace/private/projects/gitcare/phantom-workers/src/PhantomWorker.js:69:18)\n    at process._tickCallback (internal/process/next_tick.js:68:7)"},"msg":"Cannot read property 'close' of null","time":"2019-04-08T15:58:00.752Z","v":0}
{"name":"phantom-workers","hostname":"MBP-Kacper.localdomain","pid":80034,"level":30,"msg":"[Worker #1] create_and_merge_pr","time":"2019-04-08T15:59:00.005Z","v":0}
{"name":"phantom-workers","hostname":"MBP-Kacper.localdomain","pid":80034,"level":50,"err":{"message":"this.browser.newPage is not a function","name":"TypeError","stack":"TypeError: this.browser.newPage is not a function\n    at PhantomWorker.launch (/Users/perzanko/Workspace/private/projects/gitcare/phantom-workers/src/PhantomWorker.js:84:36)\n    at process._tickCallback (internal/process/next_tick.js:68:7)"},"msg":"this.browser.newPage is not a function","time":"2019-04-08T15:59:00.770Z","v":0}
{"name":"phantom-workers","hostname":"MBP-Kacper.localdomain","pid":80034,"level":50,"err":{"message":"Cannot read property 'close' of null","name":"TypeError","stack":"TypeError: Cannot read property 'close' of null\n    at PhantomWorker.close (/Users/perzanko/Workspace/private/projects/gitcare/phantom-workers/src/PhantomWorker.js:89:21)\n    at PhantomWorker.createAndMergePR (/Users/perzanko/Workspace/private/projects/gitcare/phantom-workers/src/PhantomWorker.js:69:18)\n    at process._tickCallback (internal/process/next_tick.js:68:7)"},"msg":"Cannot read property 'close' of null","time":"2019-04-08T15:59:00.770Z","v":0}
{"name":"phantom-workers","hostname":"MBP-Kacper.localdomain","pid":80441,"level":30,"msg":"Running...","time":"2019-04-08T15:59:42.316Z","v":0}
{"name":"phantom-workers","hostname":"MBP-Kacper.localdomain","pid":80441,"level":30,"msg":"[Worker #1] task: create_and_merge_pr, cron: * * * * *, p: 100%","time":"2019-04-08T15:59:42.316Z","v":0}
{"name":"phantom-workers","hostname":"MBP-Kacper.localdomain","pid":80441,"level":30,"msg":"[Worker #2] task: create_and_merge_pr, cron: 15,45 * * * *, p: 30%","time":"2019-04-08T15:59:42.319Z","v":0}
{"name":"phantom-workers","hostname":"MBP-Kacper.localdomain","pid":80441,"level":30,"msg":"[Worker #1] create_and_merge_pr","time":"2019-04-08T16:00:00.003Z","v":0}
{"name":"phantom-workers","hostname":"MBP-Kacper.localdomain","pid":80441,"level":30,"msg":"[Worker #1] create_and_merge_pr: launched","time":"2019-04-08T16:00:01.072Z","v":0}
{"name":"phantom-workers","hostname":"MBP-Kacper.localdomain","pid":80441,"level":30,"msg":"[Worker #1] create_and_merge_pr: authenticated","time":"2019-04-08T16:00:09.887Z","v":0}
{"name":"phantom-workers","hostname":"MBP-Kacper.localdomain","pid":80441,"level":30,"msg":"[Worker #1] create_and_merge_pr: went to file edit page","time":"2019-04-08T16:00:11.193Z","v":0}
{"name":"phantom-workers","hostname":"MBP-Kacper.localdomain","pid":80441,"level":30,"msg":"[Worker #1] create_and_merge_pr: added content","time":"2019-04-08T16:00:13.210Z","v":0}
{"name":"phantom-workers","hostname":"MBP-Kacper.localdomain","pid":80441,"level":30,"msg":"[Worker #1] create_and_merge_pr: submited file","time":"2019-04-08T16:00:16.255Z","v":0}
{"name":"phantom-workers","hostname":"MBP-Kacper.localdomain","pid":80441,"level":30,"msg":"[Worker #1] create_and_merge_pr: went to open pull request page","time":"2019-04-08T16:00:24.260Z","v":0}
{"name":"phantom-workers","hostname":"MBP-Kacper.localdomain","pid":80441,"level":30,"msg":"[Worker #1] create_and_merge_pr: created pull request","time":"2019-04-08T16:00:24.926Z","v":0}
{"name":"phantom-workers","hostname":"MBP-Kacper.localdomain","pid":80441,"level":30,"msg":"[Worker #1] create_and_merge_pr: merged pull request","time":"2019-04-08T16:00:30.937Z","v":0}
{"name":"phantom-workers","hostname":"MBP-Kacper.localdomain","pid":80441,"level":30,"msg":"[Worker #1] create_and_merge_pr: logout","time":"2019-04-08T16:00:42.238Z","v":0}
{"name":"phantom-workers","hostname":"MBP-Kacper.localdomain","pid":80441,"level":30,"msg":"[Worker #1] create_and_merge_pr","time":"2019-04-08T16:01:00.006Z","v":0}
{"name":"phantom-workers","hostname":"MBP-Kacper.localdomain","pid":80441,"level":30,"msg":"[Worker #1] create_and_merge_pr: launched","time":"2019-04-08T16:01:01.073Z","v":0}
{"name":"phantom-workers","hostname":"MBP-Kacper.localdomain","pid":80441,"level":30,"msg":"[Worker #1] create_and_merge_pr: authenticated","time":"2019-04-08T16:01:09.833Z","v":0}
{"name":"phantom-workers","hostname":"MBP-Kacper.localdomain","pid":80441,"level":30,"msg":"[Worker #1] create_and_merge_pr: went to file edit page","time":"2019-04-08T16:01:10.741Z","v":0}
{"name":"phantom-workers","hostname":"MBP-Kacper.localdomain","pid":80441,"level":30,"msg":"[Worker #1] create_and_merge_pr: added content","time":"2019-04-08T16:01:12.754Z","v":0}
{"name":"phantom-workers","hostname":"MBP-Kacper.localdomain","pid":80441,"level":30,"msg":"[Worker #1] create_and_merge_pr: submited file","time":"2019-04-08T16:01:15.800Z","v":0}
{"name":"phantom-workers","hostname":"MBP-Kacper.localdomain","pid":80441,"level":30,"msg":"[Worker #1] create_and_merge_pr: went to open pull request page","time":"2019-04-08T16:01:23.803Z","v":0}
{"name":"phantom-workers","hostname":"MBP-Kacper.localdomain","pid":80441,"level":30,"msg":"[Worker #1] create_and_merge_pr: created pull request","time":"2019-04-08T16:01:25.275Z","v":0}
{"name":"phantom-workers","hostname":"MBP-Kacper.localdomain","pid":80441,"level":30,"msg":"[Worker #1] create_and_merge_pr: merged pull request","time":"2019-04-08T16:01:31.287Z","v":0}
{"name":"phantom-workers","hostname":"MBP-Kacper.localdomain","pid":80441,"level":30,"msg":"[Worker #1] create_and_merge_pr: logout","time":"2019-04-08T16:01:42.606Z","v":0}
{"name":"phantom-workers","hostname":"MBP-Kacper.localdomain","pid":80572,"level":30,"msg":"Running...","time":"2019-04-08T16:01:49.168Z","v":0}
{"name":"phantom-workers","hostname":"MBP-Kacper.localdomain","pid":80572,"level":30,"msg":"[Worker #1] task: create_and_merge_pr, cron: * * * * *, p: 100%","time":"2019-04-08T16:01:49.168Z","v":0}
{"name":"phantom-workers","hostname":"MBP-Kacper.localdomain","pid":80572,"level":30,"msg":"[Worker #2] task: create_and_merge_pr, cron: 15,45 * * * *, p: 30%","time":"2019-04-08T16:01:49.171Z","v":0}
{"name":"phantom-workers","hostname":"MBP-Kacper.localdomain","pid":80572,"level":30,"msg":"[Worker #1] create_and_merge_pr","time":"2019-04-08T16:02:00.008Z","v":0}
{"name":"phantom-workers","hostname":"MBP-Kacper.localdomain","pid":80572,"level":30,"msg":"[Worker #1] create_and_merge_pr: launched","time":"2019-04-08T16:02:01.065Z","v":0}
{"name":"phantom-workers","hostname":"MBP-Kacper.localdomain","pid":80572,"level":30,"msg":"[Worker #1] create_and_merge_pr: authenticated","time":"2019-04-08T16:02:09.856Z","v":0}
{"name":"phantom-workers","hostname":"MBP-Kacper.localdomain","pid":80572,"level":30,"msg":"[Worker #1] create_and_merge_pr: went to file edit page","time":"2019-04-08T16:02:11.320Z","v":0}
{"name":"phantom-workers","hostname":"MBP-Kacper.localdomain","pid":80572,"level":30,"msg":"[Worker #1] create_and_merge_pr: added content","time":"2019-04-08T16:02:13.337Z","v":0}
{"name":"phantom-workers","hostname":"MBP-Kacper.localdomain","pid":80572,"level":30,"msg":"[Worker #1] create_and_merge_pr: submited file","time":"2019-04-08T16:02:16.383Z","v":0}
{"name":"phantom-workers","hostname":"MBP-Kacper.localdomain","pid":80572,"level":30,"msg":"[Worker #1] create_and_merge_pr: went to open pull request page","time":"2019-04-08T16:02:24.385Z","v":0}
{"name":"phantom-workers","hostname":"MBP-Kacper.localdomain","pid":80572,"level":30,"msg":"[Worker #1] create_and_merge_pr: created pull request","time":"2019-04-08T16:02:25.424Z","v":0}
{"name":"phantom-workers","hostname":"MBP-Kacper.localdomain","pid":80572,"level":30,"msg":"[Worker #1] create_and_merge_pr: merged pull request","time":"2019-04-08T16:02:31.432Z","v":0}
{"name":"phantom-workers","hostname":"MBP-Kacper.localdomain","pid":80572,"level":30,"msg":"[Worker #1] create_and_merge_pr: logout","time":"2019-04-08T16:02:42.729Z","v":0}
{"name":"phantom-workers","hostname":"MBP-Kacper.localdomain","pid":80572,"level":30,"msg":"[Worker #1] create_and_merge_pr: closed","time":"2019-04-08T16:02:42.830Z","v":0}
{"name":"phantom-workers","hostname":"MBP-Kacper.localdomain","pid":80572,"level":30,"msg":"[Worker #1] create_and_merge_pr","time":"2019-04-08T16:03:00.005Z","v":0}
{"name":"phantom-workers","hostname":"MBP-Kacper.localdomain","pid":80572,"level":30,"msg":"[Worker #1] create_and_merge_pr: launched","time":"2019-04-08T16:03:01.121Z","v":0}
{"name":"phantom-workers","hostname":"MBP-Kacper.localdomain","pid":80572,"level":30,"msg":"[Worker #1] create_and_merge_pr: authenticated","time":"2019-04-08T16:03:09.903Z","v":0}
{"name":"phantom-workers","hostname":"MBP-Kacper.localdomain","pid":80572,"level":30,"msg":"[Worker #1] create_and_merge_pr: went to file edit page","time":"2019-04-08T16:03:10.834Z","v":0}
{"name":"phantom-workers","hostname":"MBP-Kacper.localdomain","pid":80572,"level":30,"msg":"[Worker #1] create_and_merge_pr: added content","time":"2019-04-08T16:03:12.851Z","v":0}
{"name":"phantom-workers","hostname":"MBP-Kacper.localdomain","pid":80572,"level":30,"msg":"[Worker #1] create_and_merge_pr: submited file","time":"2019-04-08T16:03:15.898Z","v":0}
{"name":"phantom-workers","hostname":"MBP-Kacper.localdomain","pid":80572,"level":30,"msg":"[Worker #1] create_and_merge_pr: went to open pull request page","time":"2019-04-08T16:03:23.898Z","v":0}
{"name":"phantom-workers","hostname":"MBP-Kacper.localdomain","pid":80572,"level":30,"msg":"[Worker #1] create_and_merge_pr: created pull request","time":"2019-04-08T16:03:24.558Z","v":0}
{"name":"phantom-workers","hostname":"MBP-Kacper.localdomain","pid":80572,"level":30,"msg":"[Worker #1] create_and_merge_pr: merged pull request","time":"2019-04-08T16:03:30.571Z","v":0}
{"name":"phantom-workers","hostname":"MBP-Kacper.localdomain","pid":80572,"level":30,"msg":"[Worker #1] create_and_merge_pr: logout","time":"2019-04-08T16:03:41.938Z","v":0}
{"name":"phantom-workers","hostname":"MBP-Kacper.localdomain","pid":80572,"level":30,"msg":"[Worker #1] create_and_merge_pr: closed","time":"2019-04-08T16:03:42.087Z","v":0}
{"name":"phantom-workers","hostname":"MBP-Kacper.localdomain","pid":80572,"level":30,"msg":"[Worker #1] create_and_merge_pr","time":"2019-04-08T16:04:00.003Z","v":0}
{"name":"phantom-workers","hostname":"MBP-Kacper.localdomain","pid":80572,"level":30,"msg":"[Worker #1] create_and_merge_pr: launched","time":"2019-04-08T16:04:01.254Z","v":0}
